[2012-12-30] - 13:20:30 - Can't open file ../cache/cl!-al02.ans
[2012-12-30] - 13:20:31 - Can't open file ../cache/cl!-al03.ans
[2012-12-30] - 13:20:31 - Can't open file ../cache/sph_love.ans
[2012-12-30] - 13:20:30 - Can't open file ../cache/avg-alove.ans
[2012-12-30] - 13:20:31 - Can't open file ../cache/ave-love.ans
[2012-12-30] - 13:20:31 - Can't open file ../cache/yop-ANSilove.ans
[2012-12-30] - 13:20:31 - Can't open file ../cache/43-nslv1.ans
[2012-12-30] - 13:20:32 - Can't open file ../cache/dMG-ansilove.asc
[2012-12-30] - 13:20:32 - Can't open file ../cache/ns-bp09.ans
[2012-12-30] - 13:20:32 - Can't open file ../cache/cbn-ansilove.ans
[2012-12-30] - 13:20:43 - Can't open file ../cache/cl!-al02.ans
[2012-12-30] - 13:22:17 - Can't open file ../cache/dMG-ansilove.asc
[2012-12-30] - 13:22:24 - Can't open file ../cache/dMG-ansilove.asc
[2013-01-02] - 13:09:53 - Can't read file ../cache/ironclaw.skotos.net.443
[2013-01-02] - 13:09:55 - Can't read file ../cache/unsungheroesgame.com.1138
[2013-01-02] - 13:09:56 - Can't read file ../cache/aesir.dune.net.9001
[2013-01-02] - 13:09:57 - Can't read file ../cache/holomuck.org.5757
[2013-01-02] - 13:09:57 - Can't read file ../cache/Lambda.moo.mud.org.8888
[2013-01-02] - 13:09:59 - Can't read file ../cache/mud.mystic-adventure.org.4000
[2013-01-02] - 13:10:00 - Can't open file ../cache/miku.acm.uiuc.edu.23
[2013-01-02] - 13:10:00 - Can't open file ../cache/7thplane.net.8888
[2013-01-02] - 13:10:01 - Can't open file ../cache/godwars.net.3500
[2013-01-02] - 13:10:01 - Can't open file ../cache/muck.narniamuck.org.2050
[2013-01-02] - 13:10:01 - Can't open file ../cache/216.136.9.5.1351
[2013-01-02] - 13:10:06 - Can't open file ../cache/projectfiction.net.9999
[2013-01-02] - 13:10:06 - Can't read file ../cache/dbinfinity.bounceme.net.4000
[2013-01-02] - 13:10:06 - Can't read file ../cache/www.mageslair.net.7060
[2013-01-02] - 13:10:07 - Can't open file ../cache/FL.orcs.biz.1111
[2013-01-02] - 13:10:08 - Can't open file ../cache/seifenblase.mud.de.3333
[2013-01-02] - 13:10:08 - Can't open file ../cache/mud.songwritingstudio.com.1234
[2013-01-02] - 13:10:50 - Can't read file ../cache/ironclaw.skotos.net.443
[2013-01-02] - 13:10:52 - Can't read file ../cache/unsungheroesgame.com.1138
[2013-01-02] - 13:10:53 - Can't read file ../cache/aesir.dune.net.9001
[2013-01-02] - 13:10:54 - Can't read file ../cache/holomuck.org.5757
[2013-01-02] - 13:10:54 - Can't read file ../cache/Lambda.moo.mud.org.8888
[2013-01-02] - 13:10:57 - Can't read file ../cache/mud.mystic-adventure.org.4000
[2013-01-02] - 13:10:58 - Can't open file ../cache/miku.acm.uiuc.edu.23
[2013-01-02] - 13:10:58 - Can't open file ../cache/7thplane.net.8888
[2013-01-02] - 13:10:59 - Can't open file ../cache/godwars.net.3500
[2013-01-02] - 13:10:59 - Can't open file ../cache/muck.narniamuck.org.2050
[2013-01-02] - 13:10:59 - Can't open file ../cache/216.136.9.5.1351
[2013-01-02] - 13:11:04 - Can't open file ../cache/seifenblase.mud.de.3333
[2013-01-02] - 13:11:05 - Can't read file ../cache/www.mageslair.net.7060
[2013-01-02] - 13:11:05 - Can't open file ../cache/projectfiction.net.9999
[2013-01-02] - 13:11:05 - Can't open file ../cache/mud.songwritingstudio.com.1234
[2013-01-02] - 13:11:06 - Can't read file ../cache/dbinfinity.bounceme.net.4000
[2013-01-02] - 13:11:06 - Can't open file ../cache/FL.orcs.biz.1111
